app/caddy_app/build/app/intermediates/manifest_merge_blame_file/debug/manifest-merger-blame-debug-report.txt
1<?xml version="1.0" encoding="utf-8"?>
2<manifest xmlns:android="http://schemas.android.com/apk/res/android"
3    package="com.example.flutter_caddy_app"
4    android:versionCode="1"
5    android:versionName="1.0.0" >
6
7    <uses-sdk
8        android:minSdkVersion="19"
9        android:targetSdkVersion="33" />
10    <!--
11         The INTERNET permission is required for development. Specifically,
12         the Flutter tool needs it to communicate with the running application
13         to allow setting breakpoints, to provide hot reload, etc.
14    -->
15    <uses-permission android:name="android.permission.INTERNET" />
15-->src/main/AndroidManifest.xml:11:5-67
15-->src/main/AndroidManifest.xml:11:22-64
16    <uses-permission android:name="android.permission.FOREGROUND_SERVICE" />
16-->src/main/AndroidManifest.xml:2:5-77
16-->src/main/AndroidManifest.xml:2:22-74
17    <uses-permission android:name="android.permission.BACKGROUND_SERVICE" />
17-->src/main/AndroidManifest.xml:3:5-77
17-->src/main/AndroidManifest.xml:3:22-74
18    <uses-permission android:name="android.permission.ACCESS_BACKGROUND_LOCATION" />
18-->src/main/AndroidManifest.xml:4:5-84
18-->src/main/AndroidManifest.xml:4:22-82
19    <uses-permission android:name="android.permission.ACCESS_COARSE_LOCATION" />
19-->src/main/AndroidManifest.xml:5:5-81
19-->src/main/AndroidManifest.xml:5:22-78
20    <uses-permission android:name="android.permission.ACCESS_FINE_LOCATION" />
20-->src/main/AndroidManifest.xml:6:5-79
20-->src/main/AndroidManifest.xml:6:22-76
21    <uses-permission android:name="android.permission.CAMERA" />
21-->src/main/AndroidManifest.xml:7:5-64
21-->src/main/AndroidManifest.xml:7:22-62
22    <uses-permission android:name="android.permission.WRITE_EXTERNAL_STORAGE" />
22-->src/main/AndroidManifest.xml:8:5-80
22-->src/main/AndroidManifest.xml:8:22-78
23    <uses-permission android:name="android.permission.READ_EXTERNAL_STORAGE" />
23-->src/main/AndroidManifest.xml:9:5-79
23-->src/main/AndroidManifest.xml:9:22-77
24    <uses-permission android:name="android.permission.READ_MEDIA_IMAGES" />
24-->src/main/AndroidManifest.xml:10:5-76
24-->src/main/AndroidManifest.xml:10:22-73
25    <uses-permission android:name="android.permission.RECORD_AUDIO" />
25-->src/main/AndroidManifest.xml:12:5-71
25-->src/main/AndroidManifest.xml:12:22-68
26    <uses-permission android:name="android.permission.ACCESS_NETWORK_STATE" />
26-->[:firebase_analytics] AndroidManifest.xml:9:5-79
26-->[:firebase_analytics] AndroidManifest.xml:9:22-76
27    <uses-permission android:name="android.permission.WAKE_LOCK" />
27-->[:firebase_analytics] AndroidManifest.xml:11:5-68
27-->[:firebase_analytics] AndroidManifest.xml:11:22-65
28    <uses-permission android:name="com.google.android.gms.permission.AD_ID" />
28-->[com.google.android.gms:play-services-measurement-api:21.3.0] AndroidManifest.xml:25:5-79
28-->[com.google.android.gms:play-services-measurement-api:21.3.0] AndroidManifest.xml:25:22-76
29    <uses-permission android:name="com.google.android.finsky.permission.BIND_GET_INSTALL_REFERRER_SERVICE" />
29-->[com.google.android.gms:play-services-measurement:21.3.0] AndroidManifest.xml:26:5-110
29-->[com.google.android.gms:play-services-measurement:21.3.0] AndroidManifest.xml:26:22-107
30
31    <permission
31-->[androidx.core:core:1.10.1] AndroidManifest.xml:22:5-24:47
32        android:name="com.example.flutter_caddy_app.DYNAMIC_RECEIVER_NOT_EXPORTED_PERMISSION"
32-->[androidx.core:core:1.10.1] AndroidManifest.xml:23:9-81
33        android:protectionLevel="signature" />
33-->[androidx.core:core:1.10.1] AndroidManifest.xml:24:9-44
34
35    <uses-permission android:name="com.example.flutter_caddy_app.DYNAMIC_RECEIVER_NOT_EXPORTED_PERMISSION" />
35-->[androidx.core:core:1.10.1] AndroidManifest.xml:26:5-97
35-->[androidx.core:core:1.10.1] AndroidManifest.xml:26:22-94
36
37    <application
38        android:name="android.app.Application"
39        android:appComponentFactory="androidx.core.app.CoreComponentFactory"
39-->[androidx.core:core:1.10.1] AndroidManifest.xml:28:18-86
40        android:debuggable="true"
41        android:icon="@mipmap/ic_launcher"
42        android:label="flutter_caddy_app" >
43        <activity
44            android:name="com.example.flutter_caddy_app.MainActivity"
45            android:configChanges="orientation|keyboardHidden|keyboard|screenSize|smallestScreenSize|locale|layoutDirection|fontScale|screenLayout|density|uiMode"
46            android:exported="true"
47            android:hardwareAccelerated="true"
48            android:launchMode="singleTop"
49            android:theme="@style/LaunchTheme"
50            android:windowSoftInputMode="adjustResize" >
51            <meta-data
52                android:name="io.flutter.embedding.android.NormalTheme"
53                android:resource="@style/NormalTheme" />
54
55            <intent-filter>
56                <action android:name="android.intent.action.MAIN" />
57
58                <category android:name="android.intent.category.LAUNCHER" />
59            </intent-filter>
60        </activity>
61        <!--
62             Don't delete the meta-data below.
63             This is used by the Flutter tool to generate GeneratedPluginRegistrant.java
64        -->
65        <meta-data
66            android:name="flutterEmbedding"
67            android:value="2" />
68
69        <service
69-->[:firebase_analytics] AndroidManifest.xml:14:9-18:19
70            android:name="com.google.firebase.components.ComponentDiscoveryService"
70-->[:firebase_analytics] AndroidManifest.xml:14:18-89
71            android:directBootAware="true"
71-->[com.google.firebase:firebase-common:20.3.3] AndroidManifest.xml:34:13-43
72            android:exported="false" >
72-->[com.google.firebase:firebase-config:21.4.1] AndroidManifest.xml:30:13-37
73            <meta-data
73-->[:firebase_analytics] AndroidManifest.xml:15:13-17:85
74                android:name="com.google.firebase.components:io.flutter.plugins.firebase.analytics.FlutterFirebaseAppRegistrar"
74-->[:firebase_analytics] AndroidManifest.xml:16:17-128
75                android:value="com.google.firebase.components.ComponentRegistrar" />
75-->[:firebase_analytics] AndroidManifest.xml:17:17-82
76            <meta-data
76-->[:firebase_remote_config] AndroidManifest.xml:11:13-13:85
77                android:name="com.google.firebase.components:io.flutter.plugins.firebase.firebaseremoteconfig.FlutterFirebaseAppRegistrar"
77-->[:firebase_remote_config] AndroidManifest.xml:12:17-139
78                android:value="com.google.firebase.components.ComponentRegistrar" />
78-->[:firebase_remote_config] AndroidManifest.xml:13:17-82
79            <meta-data
79-->[:firebase_core] AndroidManifest.xml:11:13-13:85
80                android:name="com.google.firebase.components:io.flutter.plugins.firebase.core.FlutterFirebaseCoreRegistrar"
80-->[:firebase_core] AndroidManifest.xml:12:17-124
81                android:value="com.google.firebase.components.ComponentRegistrar" />
81-->[:firebase_core] AndroidManifest.xml:13:17-82
82            <meta-data
82-->[com.google.firebase:firebase-config:21.4.1] AndroidManifest.xml:31:13-33:85
83                android:name="com.google.firebase.components:com.google.firebase.remoteconfig.RemoteConfigRegistrar"
83-->[com.google.firebase:firebase-config:21.4.1] AndroidManifest.xml:32:17-117
84                android:value="com.google.firebase.components.ComponentRegistrar" />
84-->[com.google.firebase:firebase-config:21.4.1] AndroidManifest.xml:33:17-82
85            <meta-data
85-->[com.google.android.gms:play-services-measurement-api:21.3.0] AndroidManifest.xml:31:13-33:85
86                android:name="com.google.firebase.components:com.google.firebase.analytics.connector.internal.AnalyticsConnectorRegistrar"
86-->[com.google.android.gms:play-services-measurement-api:21.3.0] AndroidManifest.xml:32:17-139
87                android:value="com.google.firebase.components.ComponentRegistrar" />
87-->[com.google.android.gms:play-services-measurement-api:21.3.0] AndroidManifest.xml:33:17-82
88            <meta-data
88-->[com.google.firebase:firebase-abt:21.1.1] AndroidManifest.xml:12:13-14:85
89                android:name="com.google.firebase.components:com.google.firebase.abt.component.AbtRegistrar"
89-->[com.google.firebase:firebase-abt:21.1.1] AndroidManifest.xml:13:17-109
90                android:value="com.google.firebase.components.ComponentRegistrar" />
90-->[com.google.firebase:firebase-abt:21.1.1] AndroidManifest.xml:14:17-82
91            <meta-data
91-->[com.google.firebase:firebase-installations:17.1.4] AndroidManifest.xml:15:13-17:85
92                android:name="com.google.firebase.components:com.google.firebase.installations.FirebaseInstallationsRegistrar"
92-->[com.google.firebase:firebase-installations:17.1.4] AndroidManifest.xml:16:17-127
93                android:value="com.google.firebase.components.ComponentRegistrar" />
93-->[com.google.firebase:firebase-installations:17.1.4] AndroidManifest.xml:17:17-82
94        </service>
95        <service
95-->[:location] AndroidManifest.xml:13:9-17:56
96            android:name="com.lyokone.location.FlutterLocationService"
96-->[:location] AndroidManifest.xml:14:13-71
97            android:enabled="true"
97-->[:location] AndroidManifest.xml:15:13-35
98            android:exported="false"
98-->[:location] AndroidManifest.xml:16:13-37
99            android:foregroundServiceType="location" />
99-->[:location] AndroidManifest.xml:17:13-53
100
101        <uses-library
101-->[androidx.window:window:1.0.0-beta04] AndroidManifest.xml:25:9-27:40
102            android:name="androidx.window.extensions"
102-->[androidx.window:window:1.0.0-beta04] AndroidManifest.xml:26:13-54
103            android:required="false" />
103-->[androidx.window:window:1.0.0-beta04] AndroidManifest.xml:27:13-37
104        <uses-library
104-->[androidx.window:window:1.0.0-beta04] AndroidManifest.xml:28:9-30:40
105            android:name="androidx.window.sidecar"
105-->[androidx.window:window:1.0.0-beta04] AndroidManifest.xml:29:13-51
106            android:required="false" />
106-->[androidx.window:window:1.0.0-beta04] AndroidManifest.xml:30:13-37
107
108        <provider
108-->[com.google.firebase:firebase-common:20.3.3] AndroidManifest.xml:25:9-30:39
109            android:name="com.google.firebase.provider.FirebaseInitProvider"
109-->[com.google.firebase:firebase-common:20.3.3] AndroidManifest.xml:26:13-77
110            android:authorities="com.example.flutter_caddy_app.firebaseinitprovider"
110-->[com.google.firebase:firebase-common:20.3.3] AndroidManifest.xml:27:13-72
111            android:directBootAware="true"
111-->[com.google.firebase:firebase-common:20.3.3] AndroidManifest.xml:28:13-43
112            android:exported="false"
112-->[com.google.firebase:firebase-common:20.3.3] AndroidManifest.xml:29:13-37
113            android:initOrder="100" />
113-->[com.google.firebase:firebase-common:20.3.3] AndroidManifest.xml:30:13-36
114
115        <activity
115-->[com.google.android.gms:play-services-base:18.1.0] AndroidManifest.xml:20:9-22:45
116            android:name="com.google.android.gms.common.api.GoogleApiActivity"
116-->[com.google.android.gms:play-services-base:18.1.0] AndroidManifest.xml:20:19-85
117            android:exported="false"
117-->[com.google.android.gms:play-services-base:18.1.0] AndroidManifest.xml:22:19-43
118            android:theme="@android:style/Theme.Translucent.NoTitleBar" />
118-->[com.google.android.gms:play-services-base:18.1.0] AndroidManifest.xml:21:19-78
119
120        <receiver
120-->[com.google.android.gms:play-services-measurement:21.3.0] AndroidManifest.xml:29:9-33:20
121            android:name="com.google.android.gms.measurement.AppMeasurementReceiver"
121-->[com.google.android.gms:play-services-measurement:21.3.0] AndroidManifest.xml:30:13-85
122            android:enabled="true"
122-->[com.google.android.gms:play-services-measurement:21.3.0] AndroidManifest.xml:31:13-35
123            android:exported="false" >
123-->[com.google.android.gms:play-services-measurement:21.3.0] AndroidManifest.xml:32:13-37
124        </receiver>
125
126        <service
126-->[com.google.android.gms:play-services-measurement:21.3.0] AndroidManifest.xml:35:9-38:40
127            android:name="com.google.android.gms.measurement.AppMeasurementService"
127-->[com.google.android.gms:play-services-measurement:21.3.0] AndroidManifest.xml:36:13-84
128            android:enabled="true"
128-->[com.google.android.gms:play-services-measurement:21.3.0] AndroidManifest.xml:37:13-35
129            android:exported="false" />
129-->[com.google.android.gms:play-services-measurement:21.3.0] AndroidManifest.xml:38:13-37
130        <service
130-->[com.google.android.gms:play-services-measurement:21.3.0] AndroidManifest.xml:39:9-43:72
131            android:name="com.google.android.gms.measurement.AppMeasurementJobService"
131-->[com.google.android.gms:play-services-measurement:21.3.0] AndroidManifest.xml:40:13-87
132            android:enabled="true"
132-->[com.google.android.gms:play-services-measurement:21.3.0] AndroidManifest.xml:41:13-35
133            android:exported="false"
133-->[com.google.android.gms:play-services-measurement:21.3.0] AndroidManifest.xml:42:13-37
134            android:permission="android.permission.BIND_JOB_SERVICE" />
134-->[com.google.android.gms:play-services-measurement:21.3.0] AndroidManifest.xml:43:13-69
135
136        <meta-data
136-->[com.google.android.gms:play-services-basement:18.1.0] AndroidManifest.xml:21:9-23:69
137            android:name="com.google.android.gms.version"
137-->[com.google.android.gms:play-services-basement:18.1.0] AndroidManifest.xml:22:13-58
138            android:value="@integer/google_play_services_version" />
138-->[com.google.android.gms:play-services-basement:18.1.0] AndroidManifest.xml:23:13-66
139    </application>
140
141</manifest>